
[2m> [22m[2mnx run[22m react-mfe:serve

[2m> [22m[2mnx run[22m react-mfe:build-federation
[2m> [22mnode react-mfe/build-federation.mjs
[react19] Iniciando build de Native Federation...
[42m[38;5;15m INFO [39m[49m Removed unused dependencies.
[42m[38;5;15m DBG! [39m[49m This can be disabled per dependency/external using the "includeSecondaries: {keepAll: true}" property. Or in general by disabling the "ignoreUnusedDeps" feature. 
[42m[38;5;15m INFO [39m[49m Building federation artifacts
[103m[30m NOTE [39m[49m Skip packages you don't want to share in your federation config
[42m[38;5;15m DBG! [39m[49m 00:00:216.511ms - Step 3) Bundling all internal libraries and exposed modules.
[react19] Build de esbuild completado. Copiando chunks de React...
[react19] Chunks servibles copiados a dist/react-mfe/:
  - react.js
  - react_jsx-runtime.js
  - react_jsx-dev-runtime.js
  - react-dom.js
  - react-dom_client.js
[react19] remoteEntry.json escrito.
Build de Native Federation (react-mfe) completado con exito.
[2m[32m[39m[22m
[7m[1m[32m NX [39m[22m[27m  [32mSuccessfully ran target [1mbuild-federation[22m for project react-mfe[39m

[2m[31m[39m[22m
